<?xml version="1.1" encoding="UTF-8"?>
<testsuite name="org.cookbook.groovy.spock.HomeSpecification" tests="2" failures="0" errors="0" timestamp="1970-01-01T00:00:00" hostname="luciano-mbp" time="1.379407535983E9">
  <properties/>
  <testcase name="user enters home page" classname="org.cookbook.groovy.spock.HomeSpecification" time="5.52"/>
  <testcase name="user clicks on menus" classname="org.cookbook.groovy.spock.HomeSpecification" time="2.715"/>
  <system-out><![CDATA[]]></system-out>
  <system-err><![CDATA[Sep 17, 2013 10:45:30 AM com.gargoylesoftware.htmlunit.IncorrectnessListenerImpl notify
WARNING: Obsolete content type encountered: 'text/javascript'.
Sep 17, 2013 10:45:31 AM com.gargoylesoftware.htmlunit.javascript.StrictErrorReporter runtimeError
SEVERE: runtimeError: message=[The data necessary to complete this operation is not yet available.] sourceName=[http://localhost:9966/petclinic/webjars/jquery/1.9.0/jquery.js;jsessionid=FB24138E3D16A5D914E6555936394987] line=[911] lineSource=[null] lineOffset=[0]
Sep 17, 2013 10:45:31 AM com.gargoylesoftware.htmlunit.javascript.host.html.HTMLDocument jsxFunction_getElementById
WARNING: getElementById(sizzle-1379407531183) did a getElementByName for Internet Explorer
Sep 17, 2013 10:45:31 AM com.gargoylesoftware.htmlunit.DefaultCssErrorHandler error
WARNING: CSS error: [9:14] Error in style rule. Invalid token "*". Was expecting one of: <S>, "}", ";", <IDENT>.
Sep 17, 2013 10:45:31 AM com.gargoylesoftware.htmlunit.DefaultCssErrorHandler warning
WARNING: CSS warning: [9:14] Ignoring the following declarations in this rule.
Sep 17, 2013 10:45:31 AM com.gargoylesoftware.htmlunit.DefaultCssErrorHandler error
WARNING: CSS error: [9:482] Error in style rule. Invalid token "*". Was expecting one of: <S>, "}", ";", <IDENT>.
Sep 17, 2013 10:45:31 AM com.gargoylesoftware.htmlunit.DefaultCssErrorHandler warning
WARNING: CSS warning: [9:482] Ignoring the following declarations in this rule.
Sep 17, 2013 10:45:31 AM com.gargoylesoftware.htmlunit.DefaultCssErrorHandler error
WARNING: CSS error: [9:516] Error in pseudo class or element. Invalid token "[". Was expecting one of: <S>, ")", <IDENT>.
Sep 17, 2013 10:45:31 AM com.gargoylesoftware.htmlunit.DefaultCssErrorHandler warning
WARNING: CSS warning: [9:516] Ignoring the whole rule.
Sep 17, 2013 10:45:31 AM com.gargoylesoftware.htmlunit.DefaultCssErrorHandler error
WARNING: CSS error: [9:1093] Error in style rule. Invalid token "*". Was expecting one of: <S>, "}", ";", <IDENT>.
Sep 17, 2013 10:45:31 AM com.gargoylesoftware.htmlunit.DefaultCssErrorHandler warning
WARNING: CSS warning: [9:1093] Ignoring the following declarations in this rule.
Sep 17, 2013 10:45:31 AM com.gargoylesoftware.htmlunit.DefaultCssErrorHandler error
WARNING: CSS error: [9:1137] Error in pseudo class or element. Invalid token ":". Was expecting one of: <FUNCTION>, <IDENT>.
Sep 17, 2013 10:45:31 AM com.gargoylesoftware.htmlunit.DefaultCssErrorHandler warning
WARNING: CSS warning: [9:1137] Ignoring the whole rule.
Sep 17, 2013 10:45:31 AM com.gargoylesoftware.htmlunit.DefaultCssErrorHandler error
WARNING: CSS error: [9:1606] Error in pseudo class or element. Invalid token ":". Was expecting one of: <FUNCTION>, <IDENT>.
Sep 17, 2013 10:45:31 AM com.gargoylesoftware.htmlunit.DefaultCssErrorHandler warning
WARNING: CSS warning: [9:1606] Ignoring the whole rule.
Sep 17, 2013 10:45:31 AM com.gargoylesoftware.htmlunit.DefaultCssErrorHandler error
WARNING: CSS error: [9:2017] Error in attribute selector. Invalid token "^". Was expecting one of: <S>, "=", "]", "~=", "|=".
Sep 17, 2013 10:45:31 AM com.gargoylesoftware.htmlunit.DefaultCssErrorHandler warning
WARNING: CSS warning: [9:2017] Ignoring the whole rule.
Sep 17, 2013 10:45:31 AM com.gargoylesoftware.htmlunit.DefaultCssErrorHandler error
WARNING: CSS error: [9:2939] Error in style rule. Invalid token "*". Was expecting one of: <S>, "}", ";", <IDENT>.
Sep 17, 2013 10:45:31 AM com.gargoylesoftware.htmlunit.DefaultCssErrorHandler warning
WARNING: CSS warning: [9:2939] Ignoring the following declarations in this rule.
Sep 17, 2013 10:45:31 AM com.gargoylesoftware.htmlunit.DefaultCssErrorHandler error
WARNING: CSS error: [9:3037] Error in attribute selector. Invalid token "*". Was expecting one of: <S>, "=", "]", "~=", "|=".
Sep 17, 2013 10:45:31 AM com.gargoylesoftware.htmlunit.DefaultCssErrorHandler warning
WARNING: CSS warning: [9:3037] Ignoring the whole rule.
Sep 17, 2013 10:45:31 AM com.gargoylesoftware.htmlunit.DefaultCssErrorHandler error
WARNING: CSS error: [9:3783] Error in style rule. Invalid token "*". Was expecting one of: <S>, "}", ";", <IDENT>.
Sep 17, 2013 10:45:31 AM com.gargoylesoftware.htmlunit.DefaultCssErrorHandler warning
WARNING: CSS warning: [9:3783] Ignoring the following declarations in this rule.
Sep 17, 2013 10:45:31 AM com.gargoylesoftware.htmlunit.DefaultCssErrorHandler error
WARNING: CSS error: [9:3910] Error in attribute selector. Invalid token "*". Was expecting one of: <S>, "=", "]", "~=", "|=".
Sep 17, 2013 10:45:31 AM com.gargoylesoftware.htmlunit.DefaultCssErrorHandler warning
WARNING: CSS warning: [9:3910] Ignoring the whole rule.
Sep 17, 2013 10:45:31 AM com.gargoylesoftware.htmlunit.DefaultCssErrorHandler error
WARNING: CSS error: [9:4131] Error in attribute selector. Invalid token "*". Was expecting one of: <S>, "=", "]", "~=", "|=".
Sep 17, 2013 10:45:31 AM com.gargoylesoftware.htmlunit.DefaultCssErrorHandler warning
WARNING: CSS warning: [9:4131] Ignoring the whole rule.
Sep 17, 2013 10:45:31 AM com.gargoylesoftware.htmlunit.DefaultCssErrorHandler error
WARNING: CSS error: [9:4198] Error in attribute selector. Invalid token "*". Was expecting one of: <S>, "=", "]", "~=", "|=".
Sep 17, 2013 10:45:31 AM com.gargoylesoftware.htmlunit.DefaultCssErrorHandler warning
WARNING: CSS warning: [9:4198] Ignoring the whole rule.
Sep 17, 2013 10:45:31 AM com.gargoylesoftware.htmlunit.DefaultCssErrorHandler error
WARNING: CSS error: [9:4285] Error in style rule. Invalid token "*". Was expecting one of: <S>, "}", ";", <IDENT>.
Sep 17, 2013 10:45:31 AM com.gargoylesoftware.htmlunit.DefaultCssErrorHandler warning
WARNING: CSS warning: [9:4285] Ignoring the following declarations in this rule.
Sep 17, 2013 10:45:31 AM com.gargoylesoftware.htmlunit.DefaultCssErrorHandler error
WARNING: CSS error: [9:4355] Error in style rule. Invalid token "*". Was expecting one of: <S>, "}", ";", <IDENT>.
Sep 17, 2013 10:45:31 AM com.gargoylesoftware.htmlunit.DefaultCssErrorHandler warning
WARNING: CSS warning: [9:4355] Ignoring the following declarations in this rule.
Sep 17, 2013 10:45:31 AM com.gargoylesoftware.htmlunit.DefaultCssErrorHandler error
WARNING: CSS error: [9:4425] Error in style rule. Invalid token "*". Was expecting one of: <S>, "}", ";", <IDENT>.
Sep 17, 2013 10:45:31 AM com.gargoylesoftware.htmlunit.DefaultCssErrorHandler warning
WARNING: CSS warning: [9:4425] Ignoring the following declarations in this rule.
Sep 17, 2013 10:45:31 AM com.gargoylesoftware.htmlunit.DefaultCssErrorHandler error
WARNING: CSS error: [9:4494] Error in style rule. Invalid token "*". Was expecting one of: <S>, "}", ";", <IDENT>.
Sep 17, 2013 10:45:31 AM com.gargoylesoftware.htmlunit.DefaultCssErrorHandler warning
WARNING: CSS warning: [9:4494] Ignoring the following declarations in this rule.
Sep 17, 2013 10:45:31 AM com.gargoylesoftware.htmlunit.DefaultCssErrorHandler error
WARNING: CSS error: [9:4563] Error in style rule. Invalid token "*". Was expecting one of: <S>, "}", ";", <IDENT>.
Sep 17, 2013 10:45:31 AM com.gargoylesoftware.htmlunit.DefaultCssErrorHandler warning
WARNING: CSS warning: [9:4563] Ignoring the following declarations in this rule.
Sep 17, 2013 10:45:31 AM com.gargoylesoftware.htmlunit.DefaultCssErrorHandler error
WARNING: CSS error: [9:4632] Error in style rule. Invalid token "*". Was expecting one of: <S>, "}", ";", <IDENT>.
Sep 17, 2013 10:45:31 AM com.gargoylesoftware.htmlunit.DefaultCssErrorHandler warning
WARNING: CSS warning: [9:4632] Ignoring the following declarations in this rule.
Sep 17, 2013 10:45:31 AM com.gargoylesoftware.htmlunit.DefaultCssErrorHandler error
WARNING: CSS error: [9:4701] Error in style rule. Invalid token "*". Was expecting one of: <S>, "}", ";", <IDENT>.
Sep 17, 2013 10:45:31 AM com.gargoylesoftware.htmlunit.DefaultCssErrorHandler warning
WARNING: CSS warning: [9:4701] Ignoring the following declarations in this rule.
Sep 17, 2013 10:45:31 AM com.gargoylesoftware.htmlunit.DefaultCssErrorHandler error
WARNING: CSS error: [9:4770] Error in style rule. Invalid token "*". Was expecting one of: <S>, "}", ";", <IDENT>.
Sep 17, 2013 10:45:31 AM com.gargoylesoftware.htmlunit.DefaultCssErrorHandler warning
WARNING: CSS warning: [9:4770] Ignoring the following declarations in this rule.
Sep 17, 2013 10:45:31 AM com.gargoylesoftware.htmlunit.DefaultCssErrorHandler error
WARNING: CSS error: [9:4840] Error in style rule. Invalid token "*". Was expecting one of: <S>, "}", ";", <IDENT>.
Sep 17, 2013 10:45:31 AM com.gargoylesoftware.htmlunit.DefaultCssErrorHandler warning
WARNING: CSS warning: [9:4840] Ignoring the following declarations in this rule.
Sep 17, 2013 10:45:31 AM com.gargoylesoftware.htmlunit.DefaultCssErrorHandler error
WARNING: CSS error: [9:4911] Error in style rule. Invalid token "*". Was expecting one of: <S>, "}", ";", <IDENT>.
Sep 17, 2013 10:45:31 AM com.gargoylesoftware.htmlunit.DefaultCssErrorHandler warning
WARNING: CSS warning: [9:4911] Ignoring the following declarations in this rule.
Sep 17, 2013 10:45:31 AM com.gargoylesoftware.htmlunit.DefaultCssErrorHandler error
WARNING: CSS error: [9:4982] Error in style rule. Invalid token "*". Was expecting one of: <S>, "}", ";", <IDENT>.
Sep 17, 2013 10:45:31 AM com.gargoylesoftware.htmlunit.DefaultCssErrorHandler warning
WARNING: CSS warning: [9:4982] Ignoring the following declarations in this rule.
Sep 17, 2013 10:45:31 AM com.gargoylesoftware.htmlunit.DefaultCssErrorHandler error
WARNING: CSS error: [9:5052] Error in style rule. Invalid token "*". Was expecting one of: <S>, "}", ";", <IDENT>.
Sep 17, 2013 10:45:31 AM com.gargoylesoftware.htmlunit.DefaultCssErrorHandler warning
WARNING: CSS warning: [9:5052] Ignoring the following declarations in this rule.
Sep 17, 2013 10:45:31 AM com.gargoylesoftware.htmlunit.DefaultCssErrorHandler error
WARNING: CSS error: [9:5131] Error in style rule. Invalid token "*". Was expecting one of: <S>, "}", ";", <IDENT>.
Sep 17, 2013 10:45:31 AM com.gargoylesoftware.htmlunit.DefaultCssErrorHandler warning
WARNING: CSS warning: [9:5131] Ignoring the following declarations in this rule.
Sep 17, 2013 10:45:31 AM com.gargoylesoftware.htmlunit.DefaultCssErrorHandler error
WARNING: CSS error: [9:5229] Error in style rule. Invalid token "*". Was expecting one of: <S>, "}", ";", <IDENT>.
Sep 17, 2013 10:45:31 AM com.gargoylesoftware.htmlunit.DefaultCssErrorHandler warning
WARNING: CSS warning: [9:5229] Ignoring the following declarations in this rule.
Sep 17, 2013 10:45:31 AM com.gargoylesoftware.htmlunit.DefaultCssErrorHandler error
WARNING: CSS error: [9:5314] Error in style rule. Invalid token "*". Was expecting one of: <S>, "}", ";", <IDENT>.
Sep 17, 2013 10:45:31 AM com.gargoylesoftware.htmlunit.DefaultCssErrorHandler warning
WARNING: CSS warning: [9:5314] Ignoring the following declarations in this rule.
Sep 17, 2013 10:45:31 AM com.gargoylesoftware.htmlunit.DefaultCssErrorHandler error
WARNING: CSS error: [9:5409] Error in style rule. Invalid token "*". Was expecting one of: <S>, "}", ";", <IDENT>.
Sep 17, 2013 10:45:31 AM com.gargoylesoftware.htmlunit.DefaultCssErrorHandler warning
WARNING: CSS warning: [9:5409] Ignoring the following declarations in this rule.
Sep 17, 2013 10:45:31 AM com.gargoylesoftware.htmlunit.DefaultCssErrorHandler error
WARNING: CSS error: [9:5493] Error in style rule. Invalid token "*". Was expecting one of: <S>, "}", ";", <IDENT>.
Sep 17, 2013 10:45:31 AM com.gargoylesoftware.htmlunit.DefaultCssErrorHandler warning
WARNING: CSS warning: [9:5493] Ignoring the following declarations in this rule.
Sep 17, 2013 10:45:31 AM com.gargoylesoftware.htmlunit.DefaultCssErrorHandler error
WARNING: CSS error: [9:5588] Error in style rule. Invalid token "*". Was expecting one of: <S>, "}", ";", <IDENT>.
Sep 17, 2013 10:45:31 AM com.gargoylesoftware.htmlunit.DefaultCssErrorHandler warning
WARNING: CSS warning: [9:5588] Ignoring the following declarations in this rule.
Sep 17, 2013 10:45:31 AM com.gargoylesoftware.htmlunit.DefaultCssErrorHandler error
WARNING: CSS error: [9:5671] Error in style rule. Invalid token "*". Was expecting one of: <S>, "}", ";", <IDENT>.
Sep 17, 2013 10:45:31 AM com.gargoylesoftware.htmlunit.DefaultCssErrorHandler warning
WARNING: CSS warning: [9:5671] Ignoring the following declarations in this rule.
Sep 17, 2013 10:45:31 AM com.gargoylesoftware.htmlunit.DefaultCssErrorHandler error
WARNING: CSS error: [9:5766] Error in style rule. Invalid token "*". Was expecting one of: <S>, "}", ";", <IDENT>.
Sep 17, 2013 10:45:31 AM com.gargoylesoftware.htmlunit.DefaultCssErrorHandler warning
WARNING: CSS warning: [9:5766] Ignoring the following declarations in this rule.
Sep 17, 2013 10:45:31 AM com.gargoylesoftware.htmlunit.DefaultCssErrorHandler error
WARNING: CSS error: [9:5848] Error in style rule. Invalid token "*". Was expecting one of: <S>, "}", ";", <IDENT>.
Sep 17, 2013 10:45:31 AM com.gargoylesoftware.htmlunit.DefaultCssErrorHandler warning
WARNING: CSS warning: [9:5848] Ignoring the following declarations in this rule.
Sep 17, 2013 10:45:31 AM com.gargoylesoftware.htmlunit.DefaultCssErrorHandler error
WARNING: CSS error: [9:5943] Error in style rule. Invalid token "*". Was expecting one of: <S>, "}", ";", <IDENT>.
Sep 17, 2013 10:45:31 AM com.gargoylesoftware.htmlunit.DefaultCssErrorHandler warning
WARNING: CSS warning: [9:5943] Ignoring the following declarations in this rule.
Sep 17, 2013 10:45:31 AM com.gargoylesoftware.htmlunit.DefaultCssErrorHandler error
WARNING: CSS error: [9:6025] Error in style rule. Invalid token "*". Was expecting one of: <S>, "}", ";", <IDENT>.
Sep 17, 2013 10:45:31 AM com.gargoylesoftware.htmlunit.DefaultCssErrorHandler warning
WARNING: CSS warning: [9:6025] Ignoring the following declarations in this rule.
Sep 17, 2013 10:45:31 AM com.gargoylesoftware.htmlunit.DefaultCssErrorHandler error
WARNING: CSS error: [9:6121] Error in style rule. Invalid token "*". Was expecting one of: <S>, "}", ";", <IDENT>.
Sep 17, 2013 10:45:31 AM com.gargoylesoftware.htmlunit.DefaultCssErrorHandler warning
WARNING: CSS warning: [9:6121] Ignoring the following declarations in this rule.
Sep 17, 2013 10:45:31 AM com.gargoylesoftware.htmlunit.DefaultCssErrorHandler error
WARNING: CSS error: [9:6205] Error in style rule. Invalid token "*". Was expecting one of: <S>, "}", ";", <IDENT>.
Sep 17, 2013 10:45:31 AM com.gargoylesoftware.htmlunit.DefaultCssErrorHandler warning
WARNING: CSS warning: [9:6205] Ignoring the following declarations in this rule.
Sep 17, 2013 10:45:31 AM com.gargoylesoftware.htmlunit.DefaultCssErrorHandler error
WARNING: CSS error: [9:6302] Error in style rule. Invalid token "*". Was expecting one of: <S>, "}", ";", <IDENT>.
Sep 17, 2013 10:45:31 AM com.gargoylesoftware.htmlunit.DefaultCssErrorHandler warning
WARNING: CSS warning: [9:6302] Ignoring the following declarations in this rule.
Sep 17, 2013 10:45:31 AM com.gargoylesoftware.htmlunit.DefaultCssErrorHandler error
WARNING: CSS error: [9:6385] Error in style rule. Invalid token "*". Was expecting one of: <S>, "}", ";", <IDENT>.
Sep 17, 2013 10:45:31 AM com.gargoylesoftware.htmlunit.DefaultCssErrorHandler warning
WARNING: CSS warning: [9:6385] Ignoring the following declarations in this rule.
Sep 17, 2013 10:45:31 AM com.gargoylesoftware.htmlunit.DefaultCssErrorHandler error
WARNING: CSS error: [9:6479] Error in style rule. Invalid token "*". Was expecting one of: <S>, "}", ";", <IDENT>.
Sep 17, 2013 10:45:31 AM com.gargoylesoftware.htmlunit.DefaultCssErrorHandler warning
WARNING: CSS warning: [9:6479] Ignoring the following declarations in this rule.
Sep 17, 2013 10:45:31 AM com.gargoylesoftware.htmlunit.DefaultCssErrorHandler error
WARNING: CSS error: [9:6562] Error in style rule. Invalid token "*". Was expecting one of: <S>, "}", ";", <IDENT>.
Sep 17, 2013 10:45:31 AM com.gargoylesoftware.htmlunit.DefaultCssErrorHandler warning
WARNING: CSS warning: [9:6562] Ignoring the following declarations in this rule.
Sep 17, 2013 10:45:31 AM com.gargoylesoftware.htmlunit.DefaultCssErrorHandler error
WARNING: CSS error: [9:6657] Error in style rule. Invalid token "*". Was expecting one of: <S>, "}", ";", <IDENT>.
Sep 17, 2013 10:45:31 AM com.gargoylesoftware.htmlunit.DefaultCssErrorHandler warning
WARNING: CSS warning: [9:6657] Ignoring the following declarations in this rule.
Sep 17, 2013 10:45:31 AM com.gargoylesoftware.htmlunit.DefaultCssErrorHandler error
WARNING: CSS error: [9:6741] Error in style rule. Invalid token "*". Was expecting one of: <S>, "}", ";", <IDENT>.
Sep 17, 2013 10:45:31 AM com.gargoylesoftware.htmlunit.DefaultCssErrorHandler warning
WARNING: CSS warning: [9:6741] Ignoring the following declarations in this rule.
Sep 17, 2013 10:45:31 AM com.gargoylesoftware.htmlunit.DefaultCssErrorHandler error
WARNING: CSS error: [9:6835] Error in style rule. Invalid token "*". Was expecting one of: <S>, "}", ";", <IDENT>.
Sep 17, 2013 10:45:31 AM com.gargoylesoftware.htmlunit.DefaultCssErrorHandler warning
WARNING: CSS warning: [9:6835] Ignoring the following declarations in this rule.
Sep 17, 2013 10:45:31 AM com.gargoylesoftware.htmlunit.DefaultCssErrorHandler error
WARNING: CSS error: [9:6920] Error in style rule. Invalid token "*". Was expecting one of: <S>, "}", ";", <IDENT>.
Sep 17, 2013 10:45:31 AM com.gargoylesoftware.htmlunit.DefaultCssErrorHandler warning
WARNING: CSS warning: [9:6920] Ignoring the following declarations in this rule.
Sep 17, 2013 10:45:31 AM com.gargoylesoftware.htmlunit.DefaultCssErrorHandler error
WARNING: CSS error: [9:7015] Error in style rule. Invalid token "*". Was expecting one of: <S>, "}", ";", <IDENT>.
Sep 17, 2013 10:45:31 AM com.gargoylesoftware.htmlunit.DefaultCssErrorHandler warning
WARNING: CSS warning: [9:7015] Ignoring the following declarations in this rule.
Sep 17, 2013 10:45:31 AM com.gargoylesoftware.htmlunit.DefaultCssErrorHandler error
WARNING: CSS error: [9:7100] Error in style rule. Invalid token "*". Was expecting one of: <S>, "}", ";", <IDENT>.
Sep 17, 2013 10:45:31 AM com.gargoylesoftware.htmlunit.DefaultCssErrorHandler warning
WARNING: CSS warning: [9:7100] Ignoring the following declarations in this rule.
Sep 17, 2013 10:45:31 AM com.gargoylesoftware.htmlunit.DefaultCssErrorHandler error
WARNING: CSS error: [9:7194] Error in style rule. Invalid token "*". Was expecting one of: <S>, "}", ";", <IDENT>.
Sep 17, 2013 10:45:31 AM com.gargoylesoftware.htmlunit.DefaultCssErrorHandler warning
WARNING: CSS warning: [9:7194] Ignoring the following declarations in this rule.
Sep 17, 2013 10:45:31 AM com.gargoylesoftware.htmlunit.DefaultCssErrorHandler error
WARNING: CSS error: [9:7232] Error in attribute selector. Invalid token "*". Was expecting one of: <S>, "=", "]", "~=", "|=".
Sep 17, 2013 10:45:31 AM com.gargoylesoftware.htmlunit.DefaultCssErrorHandler warning
WARNING: CSS warning: [9:7232] Ignoring the whole rule.
Sep 17, 2013 10:45:31 AM com.gargoylesoftware.htmlunit.DefaultCssErrorHandler error
WARNING: CSS error: [9:7298] Error in attribute selector. Invalid token "*". Was expecting one of: <S>, "=", "]", "~=", "|=".
Sep 17, 2013 10:45:31 AM com.gargoylesoftware.htmlunit.DefaultCssErrorHandler warning
WARNING: CSS warning: [9:7298] Ignoring the whole rule.
Sep 17, 2013 10:45:31 AM com.gargoylesoftware.htmlunit.DefaultCssErrorHandler error
WARNING: CSS error: [9:7415] Error in style rule. Invalid token "*". Was expecting one of: <S>, "}", ";", <IDENT>.
Sep 17, 2013 10:45:31 AM com.gargoylesoftware.htmlunit.DefaultCssErrorHandler warning
WARNING: CSS warning: [9:7415] Ignoring the following declarations in this rule.
Sep 17, 2013 10:45:31 AM com.gargoylesoftware.htmlunit.DefaultCssErrorHandler error
WARNING: CSS error: [9:7579] Error in style rule. Invalid token "*". Was expecting one of: <S>, "}", ";", <IDENT>.
Sep 17, 2013 10:45:31 AM com.gargoylesoftware.htmlunit.DefaultCssErrorHandler warning
WARNING: CSS warning: [9:7579] Ignoring the following declarations in this rule.
Sep 17, 2013 10:45:31 AM com.gargoylesoftware.htmlunit.DefaultCssErrorHandler error
WARNING: CSS error: [9:9158] Error in style rule. Invalid token "*". Was expecting one of: <S>, "}", ";", <IDENT>.
Sep 17, 2013 10:45:31 AM com.gargoylesoftware.htmlunit.DefaultCssErrorHandler warning
WARNING: CSS warning: [9:9158] Ignoring the following declarations in this rule.
Sep 17, 2013 10:45:31 AM com.gargoylesoftware.htmlunit.DefaultCssErrorHandler error
WARNING: CSS error: [9:9317] Error in style rule. Invalid token "*". Was expecting one of: <S>, "}", ";", <IDENT>.
Sep 17, 2013 10:45:31 AM com.gargoylesoftware.htmlunit.DefaultCssErrorHandler warning
WARNING: CSS warning: [9:9317] Ignoring the following declarations in this rule.
Sep 17, 2013 10:45:31 AM com.gargoylesoftware.htmlunit.DefaultCssErrorHandler error
WARNING: CSS error: [9:101917] Error in style rule. Invalid token "=". Was expecting one of: <S>, "}", <COMMA>, ";", "/", <PLUS>, "-", <HASH>, <STRING>, <URI>, "!", "inherit", <EMS>, <EXS>, <LENGTH_PX>, <LENGTH_CM>, <LENGTH_MM>, <LENGTH_IN>, <LENGTH_PT>, <LENGTH_PC>, <ANGLE_DEG>, <ANGLE_RAD>, <ANGLE_GRAD>, <TIME_MS>, <TIME_S>, <FREQ_HZ>, <FREQ_KHZ>, <DIMENSION>, <PERCENTAGE>, <NUMBER>, <FUNCTION>, <IDENT>.
Sep 17, 2013 10:45:31 AM com.gargoylesoftware.htmlunit.DefaultCssErrorHandler warning
WARNING: CSS warning: [9:101917] Ignoring the following declarations in this rule.
Sep 17, 2013 10:45:31 AM com.gargoylesoftware.htmlunit.DefaultCssErrorHandler error
WARNING: CSS error: [9:104500] Error in expression. Invalid token "=". Was expecting one of: <S>, <COMMA>, "/", <PLUS>, "-", <HASH>, <STRING>, ")", <URI>, "inherit", <EMS>, <EXS>, <LENGTH_PX>, <LENGTH_CM>, <LENGTH_MM>, <LENGTH_IN>, <LENGTH_PT>, <LENGTH_PC>, <ANGLE_DEG>, <ANGLE_RAD>, <ANGLE_GRAD>, <TIME_MS>, <TIME_S>, <FREQ_HZ>, <FREQ_KHZ>, <DIMENSION>, <PERCENTAGE>, <NUMBER>, <FUNCTION>, <IDENT>.
Sep 17, 2013 10:45:31 AM com.gargoylesoftware.htmlunit.DefaultCssErrorHandler error
WARNING: CSS error: [9:104661] Error in expression. Invalid token "=". Was expecting one of: <S>, <COMMA>, "/", <PLUS>, "-", <HASH>, <STRING>, ")", <URI>, "inherit", <EMS>, <EXS>, <LENGTH_PX>, <LENGTH_CM>, <LENGTH_MM>, <LENGTH_IN>, <LENGTH_PT>, <LENGTH_PC>, <ANGLE_DEG>, <ANGLE_RAD>, <ANGLE_GRAD>, <TIME_MS>, <TIME_S>, <FREQ_HZ>, <FREQ_KHZ>, <DIMENSION>, <PERCENTAGE>, <NUMBER>, <FUNCTION>, <IDENT>.
Sep 17, 2013 10:45:31 AM com.gargoylesoftware.htmlunit.javascript.StrictErrorReporter runtimeError
SEVERE: runtimeError: message=[The data necessary to complete this operation is not yet available.] sourceName=[http://localhost:9966/petclinic/webjars/jquery/1.9.0/jquery.js;jsessionid=FB24138E3D16A5D914E6555936394987] line=[911] lineSource=[null] lineOffset=[0]
Sep 17, 2013 10:45:31 AM com.gargoylesoftware.htmlunit.IncorrectnessListenerImpl notify
WARNING: Obsolete content type encountered: 'text/javascript'.
Sep 17, 2013 10:45:32 AM com.gargoylesoftware.htmlunit.javascript.StrictErrorReporter runtimeError
SEVERE: runtimeError: message=[The data necessary to complete this operation is not yet available.] sourceName=[http://localhost:9966/petclinic/webjars/jquery/1.9.0/jquery.js;jsessionid=FB24138E3D16A5D914E6555936394987] line=[911] lineSource=[null] lineOffset=[0]
Sep 17, 2013 10:45:32 AM com.gargoylesoftware.htmlunit.javascript.host.html.HTMLDocument jsxFunction_getElementById
WARNING: getElementById(sizzle-1379407531183) did a getElementByName for Internet Explorer
Sep 17, 2013 10:45:33 AM com.gargoylesoftware.htmlunit.javascript.StrictErrorReporter runtimeError
SEVERE: runtimeError: message=[The data necessary to complete this operation is not yet available.] sourceName=[http://localhost:9966/petclinic/webjars/jquery/1.9.0/jquery.js;jsessionid=FB24138E3D16A5D914E6555936394987] line=[911] lineSource=[null] lineOffset=[0]
Sep 17, 2013 10:45:33 AM com.gargoylesoftware.htmlunit.DefaultCssErrorHandler error
WARNING: CSS error: [15:115] Error in expression. Invalid token "=". Was expecting one of: <S>, <COMMA>, "/", <PLUS>, "-", <HASH>, <STRING>, ")", <URI>, "inherit", <EMS>, <EXS>, <LENGTH_PX>, <LENGTH_CM>, <LENGTH_MM>, <LENGTH_IN>, <LENGTH_PT>, <LENGTH_PC>, <ANGLE_DEG>, <ANGLE_RAD>, <ANGLE_GRAD>, <TIME_MS>, <TIME_S>, <FREQ_HZ>, <FREQ_KHZ>, <DIMENSION>, <PERCENTAGE>, <NUMBER>, <FUNCTION>, <IDENT>.
Sep 17, 2013 10:45:33 AM com.gargoylesoftware.htmlunit.DefaultCssErrorHandler error
WARNING: CSS error: [15:119] Error in style rule. Invalid token " ". Was expecting one of: "}", ";".
Sep 17, 2013 10:45:33 AM com.gargoylesoftware.htmlunit.DefaultCssErrorHandler warning
WARNING: CSS warning: [15:119] Ignoring the following declarations in this rule.
Sep 17, 2013 10:45:33 AM com.gargoylesoftware.htmlunit.DefaultCssErrorHandler error
WARNING: CSS error: [79:18] Error in pseudo class or element. Invalid token ":". Was expecting one of: <FUNCTION>, <IDENT>.
Sep 17, 2013 10:45:33 AM com.gargoylesoftware.htmlunit.DefaultCssErrorHandler warning
WARNING: CSS warning: [79:18] Ignoring the whole rule.
Sep 17, 2013 10:45:33 AM com.gargoylesoftware.htmlunit.DefaultCssErrorHandler error
WARNING: CSS error: [131:18] Error in expression. Invalid token ")". Was expecting one of: <S>, <PLUS>, "-", <HASH>, <STRING>, <URI>, "inherit", <EMS>, <EXS>, <LENGTH_PX>, <LENGTH_CM>, <LENGTH_MM>, <LENGTH_IN>, <LENGTH_PT>, <LENGTH_PC>, <ANGLE_DEG>, <ANGLE_RAD>, <ANGLE_GRAD>, <TIME_MS>, <TIME_S>, <FREQ_HZ>, <FREQ_KHZ>, <DIMENSION>, <PERCENTAGE>, <NUMBER>, <FUNCTION>, <IDENT>.
Sep 17, 2013 10:45:33 AM com.gargoylesoftware.htmlunit.DefaultCssErrorHandler error
WARNING: CSS error: [131:20] Error in style rule. Invalid token " ". Was expecting one of: "}", ";".
Sep 17, 2013 10:45:33 AM com.gargoylesoftware.htmlunit.DefaultCssErrorHandler warning
WARNING: CSS warning: [131:20] Ignoring the following declarations in this rule.
Sep 17, 2013 10:45:33 AM com.gargoylesoftware.htmlunit.DefaultCssErrorHandler error
WARNING: CSS error: [256:145] Error in expression. Invalid token "=". Was expecting one of: <S>, <COMMA>, "/", <PLUS>, "-", <HASH>, <STRING>, ")", <URI>, "inherit", <EMS>, <EXS>, <LENGTH_PX>, <LENGTH_CM>, <LENGTH_MM>, <LENGTH_IN>, <LENGTH_PT>, <LENGTH_PC>, <ANGLE_DEG>, <ANGLE_RAD>, <ANGLE_GRAD>, <TIME_MS>, <TIME_S>, <FREQ_HZ>, <FREQ_KHZ>, <DIMENSION>, <PERCENTAGE>, <NUMBER>, <FUNCTION>, <IDENT>.
Sep 17, 2013 10:45:33 AM com.gargoylesoftware.htmlunit.DefaultCssErrorHandler error
WARNING: CSS error: [256:150] Error in style rule. Invalid token " ". Was expecting one of: "}", ";".
Sep 17, 2013 10:45:33 AM com.gargoylesoftware.htmlunit.DefaultCssErrorHandler warning
WARNING: CSS warning: [256:150] Ignoring the following declarations in this rule.
Sep 17, 2013 10:45:33 AM com.gargoylesoftware.htmlunit.DefaultCssErrorHandler error
WARNING: CSS error: [257:133] Error in expression. Invalid token "=". Was expecting one of: <S>, <COMMA>, "/", <PLUS>, "-", <HASH>, <STRING>, ")", <URI>, "inherit", <EMS>, <EXS>, <LENGTH_PX>, <LENGTH_CM>, <LENGTH_MM>, <LENGTH_IN>, <LENGTH_PT>, <LENGTH_PC>, <ANGLE_DEG>, <ANGLE_RAD>, <ANGLE_GRAD>, <TIME_MS>, <TIME_S>, <FREQ_HZ>, <FREQ_KHZ>, <DIMENSION>, <PERCENTAGE>, <NUMBER>, <FUNCTION>, <IDENT>.
Sep 17, 2013 10:45:33 AM com.gargoylesoftware.htmlunit.DefaultCssErrorHandler error
WARNING: CSS error: [257:138] Error in style rule. Invalid token " ". Was expecting one of: "}", ";".
Sep 17, 2013 10:45:33 AM com.gargoylesoftware.htmlunit.DefaultCssErrorHandler warning
WARNING: CSS warning: [257:138] Ignoring the following declarations in this rule.
Sep 17, 2013 10:45:33 AM com.gargoylesoftware.htmlunit.DefaultCssErrorHandler error
WARNING: CSS error: [258:51] Error in expression. Invalid token "=". Was expecting one of: <S>, <COMMA>, "/", <PLUS>, "-", <HASH>, <STRING>, ")", <URI>, "inherit", <EMS>, <EXS>, <LENGTH_PX>, <LENGTH_CM>, <LENGTH_MM>, <LENGTH_IN>, <LENGTH_PT>, <LENGTH_PC>, <ANGLE_DEG>, <ANGLE_RAD>, <ANGLE_GRAD>, <TIME_MS>, <TIME_S>, <FREQ_HZ>, <FREQ_KHZ>, <DIMENSION>, <PERCENTAGE>, <NUMBER>, <FUNCTION>, <IDENT>.
Sep 17, 2013 10:45:33 AM com.gargoylesoftware.htmlunit.DefaultCssErrorHandler error
WARNING: CSS error: [258:56] Error in style rule. Invalid token " ". Was expecting one of: "}", ";".
Sep 17, 2013 10:45:33 AM com.gargoylesoftware.htmlunit.DefaultCssErrorHandler warning
WARNING: CSS warning: [258:56] Ignoring the following declarations in this rule.
Sep 17, 2013 10:45:33 AM com.gargoylesoftware.htmlunit.DefaultCssErrorHandler error
WARNING: CSS error: [461:135] Error in expression. Invalid token "=". Was expecting one of: <S>, <COMMA>, "/", <PLUS>, "-", <HASH>, <STRING>, ")", <URI>, "inherit", <EMS>, <EXS>, <LENGTH_PX>, <LENGTH_CM>, <LENGTH_MM>, <LENGTH_IN>, <LENGTH_PT>, <LENGTH_PC>, <ANGLE_DEG>, <ANGLE_RAD>, <ANGLE_GRAD>, <TIME_MS>, <TIME_S>, <FREQ_HZ>, <FREQ_KHZ>, <DIMENSION>, <PERCENTAGE>, <NUMBER>, <FUNCTION>, <IDENT>.
Sep 17, 2013 10:45:33 AM com.gargoylesoftware.htmlunit.DefaultCssErrorHandler error
WARNING: CSS error: [461:140] Error in style rule. Invalid token " ". Was expecting one of: "}", ";".
Sep 17, 2013 10:45:33 AM com.gargoylesoftware.htmlunit.DefaultCssErrorHandler warning
WARNING: CSS warning: [461:140] Ignoring the following declarations in this rule.
Sep 17, 2013 10:45:33 AM com.gargoylesoftware.htmlunit.DefaultCssErrorHandler error
WARNING: CSS error: [462:171] Error in expression. Invalid token "=". Was expecting one of: <S>, <COMMA>, "/", <PLUS>, "-", <HASH>, <STRING>, ")", <URI>, "inherit", <EMS>, <EXS>, <LENGTH_PX>, <LENGTH_CM>, <LENGTH_MM>, <LENGTH_IN>, <LENGTH_PT>, <LENGTH_PC>, <ANGLE_DEG>, <ANGLE_RAD>, <ANGLE_GRAD>, <TIME_MS>, <TIME_S>, <FREQ_HZ>, <FREQ_KHZ>, <DIMENSION>, <PERCENTAGE>, <NUMBER>, <FUNCTION>, <IDENT>.
Sep 17, 2013 10:45:33 AM com.gargoylesoftware.htmlunit.DefaultCssErrorHandler error
WARNING: CSS error: [462:176] Error in style rule. Invalid token " ". Was expecting one of: "}", ";".
Sep 17, 2013 10:45:33 AM com.gargoylesoftware.htmlunit.DefaultCssErrorHandler warning
WARNING: CSS warning: [462:176] Ignoring the following declarations in this rule.
Sep 17, 2013 10:45:33 AM com.gargoylesoftware.htmlunit.IncorrectnessListenerImpl notify
WARNING: Obsolete content type encountered: 'text/javascript'.
Sep 17, 2013 10:45:33 AM com.gargoylesoftware.htmlunit.javascript.StrictErrorReporter runtimeError
SEVERE: runtimeError: message=[The data necessary to complete this operation is not yet available.] sourceName=[http://localhost:9966/petclinic/webjars/jquery/1.9.0/jquery.js] line=[911] lineSource=[null] lineOffset=[0]
Sep 17, 2013 10:45:33 AM com.gargoylesoftware.htmlunit.javascript.host.html.HTMLDocument jsxFunction_getElementById
WARNING: getElementById(sizzle-1379407533527) did a getElementByName for Internet Explorer
Sep 17, 2013 10:45:33 AM com.gargoylesoftware.htmlunit.DefaultCssErrorHandler error
WARNING: CSS error: [9:14] Error in style rule. Invalid token "*". Was expecting one of: <S>, "}", ";", <IDENT>.
Sep 17, 2013 10:45:33 AM com.gargoylesoftware.htmlunit.DefaultCssErrorHandler warning
WARNING: CSS warning: [9:14] Ignoring the following declarations in this rule.
Sep 17, 2013 10:45:33 AM com.gargoylesoftware.htmlunit.DefaultCssErrorHandler error
WARNING: CSS error: [9:482] Error in style rule. Invalid token "*". Was expecting one of: <S>, "}", ";", <IDENT>.
Sep 17, 2013 10:45:33 AM com.gargoylesoftware.htmlunit.DefaultCssErrorHandler warning
WARNING: CSS warning: [9:482] Ignoring the following declarations in this rule.
Sep 17, 2013 10:45:33 AM com.gargoylesoftware.htmlunit.DefaultCssErrorHandler error
WARNING: CSS error: [9:516] Error in pseudo class or element. Invalid token "[". Was expecting one of: <S>, ")", <IDENT>.
Sep 17, 2013 10:45:33 AM com.gargoylesoftware.htmlunit.DefaultCssErrorHandler warning
WARNING: CSS warning: [9:516] Ignoring the whole rule.
Sep 17, 2013 10:45:33 AM com.gargoylesoftware.htmlunit.DefaultCssErrorHandler error
WARNING: CSS error: [9:1093] Error in style rule. Invalid token "*". Was expecting one of: <S>, "}", ";", <IDENT>.
Sep 17, 2013 10:45:33 AM com.gargoylesoftware.htmlunit.DefaultCssErrorHandler warning
WARNING: CSS warning: [9:1093] Ignoring the following declarations in this rule.
Sep 17, 2013 10:45:33 AM com.gargoylesoftware.htmlunit.DefaultCssErrorHandler error
WARNING: CSS error: [9:1137] Error in pseudo class or element. Invalid token ":". Was expecting one of: <FUNCTION>, <IDENT>.
Sep 17, 2013 10:45:33 AM com.gargoylesoftware.htmlunit.DefaultCssErrorHandler warning
WARNING: CSS warning: [9:1137] Ignoring the whole rule.
Sep 17, 2013 10:45:33 AM com.gargoylesoftware.htmlunit.DefaultCssErrorHandler error
WARNING: CSS error: [9:1606] Error in pseudo class or element. Invalid token ":". Was expecting one of: <FUNCTION>, <IDENT>.
Sep 17, 2013 10:45:33 AM com.gargoylesoftware.htmlunit.DefaultCssErrorHandler warning
WARNING: CSS warning: [9:1606] Ignoring the whole rule.
Sep 17, 2013 10:45:33 AM com.gargoylesoftware.htmlunit.DefaultCssErrorHandler error
WARNING: CSS error: [9:2017] Error in attribute selector. Invalid token "^". Was expecting one of: <S>, "=", "]", "~=", "|=".
Sep 17, 2013 10:45:33 AM com.gargoylesoftware.htmlunit.DefaultCssErrorHandler warning
WARNING: CSS warning: [9:2017] Ignoring the whole rule.
Sep 17, 2013 10:45:33 AM com.gargoylesoftware.htmlunit.DefaultCssErrorHandler error
WARNING: CSS error: [9:2939] Error in style rule. Invalid token "*". Was expecting one of: <S>, "}", ";", <IDENT>.
Sep 17, 2013 10:45:33 AM com.gargoylesoftware.htmlunit.DefaultCssErrorHandler warning
WARNING: CSS warning: [9:2939] Ignoring the following declarations in this rule.
Sep 17, 2013 10:45:33 AM com.gargoylesoftware.htmlunit.DefaultCssErrorHandler error
WARNING: CSS error: [9:3037] Error in attribute selector. Invalid token "*". Was expecting one of: <S>, "=", "]", "~=", "|=".
Sep 17, 2013 10:45:33 AM com.gargoylesoftware.htmlunit.DefaultCssErrorHandler warning
WARNING: CSS warning: [9:3037] Ignoring the whole rule.
Sep 17, 2013 10:45:33 AM com.gargoylesoftware.htmlunit.DefaultCssErrorHandler error
WARNING: CSS error: [9:3783] Error in style rule. Invalid token "*". Was expecting one of: <S>, "}", ";", <IDENT>.
Sep 17, 2013 10:45:33 AM com.gargoylesoftware.htmlunit.DefaultCssErrorHandler warning
WARNING: CSS warning: [9:3783] Ignoring the following declarations in this rule.
Sep 17, 2013 10:45:33 AM com.gargoylesoftware.htmlunit.DefaultCssErrorHandler error
WARNING: CSS error: [9:3910] Error in attribute selector. Invalid token "*". Was expecting one of: <S>, "=", "]", "~=", "|=".
Sep 17, 2013 10:45:33 AM com.gargoylesoftware.htmlunit.DefaultCssErrorHandler warning
WARNING: CSS warning: [9:3910] Ignoring the whole rule.
Sep 17, 2013 10:45:33 AM com.gargoylesoftware.htmlunit.DefaultCssErrorHandler error
WARNING: CSS error: [9:4131] Error in attribute selector. Invalid token "*". Was expecting one of: <S>, "=", "]", "~=", "|=".
Sep 17, 2013 10:45:33 AM com.gargoylesoftware.htmlunit.DefaultCssErrorHandler warning
WARNING: CSS warning: [9:4131] Ignoring the whole rule.
Sep 17, 2013 10:45:33 AM com.gargoylesoftware.htmlunit.DefaultCssErrorHandler error
WARNING: CSS error: [9:4198] Error in attribute selector. Invalid token "*". Was expecting one of: <S>, "=", "]", "~=", "|=".
Sep 17, 2013 10:45:33 AM com.gargoylesoftware.htmlunit.DefaultCssErrorHandler warning
WARNING: CSS warning: [9:4198] Ignoring the whole rule.
Sep 17, 2013 10:45:33 AM com.gargoylesoftware.htmlunit.DefaultCssErrorHandler error
WARNING: CSS error: [9:4285] Error in style rule. Invalid token "*". Was expecting one of: <S>, "}", ";", <IDENT>.
Sep 17, 2013 10:45:33 AM com.gargoylesoftware.htmlunit.DefaultCssErrorHandler warning
WARNING: CSS warning: [9:4285] Ignoring the following declarations in this rule.
Sep 17, 2013 10:45:33 AM com.gargoylesoftware.htmlunit.DefaultCssErrorHandler error
WARNING: CSS error: [9:4355] Error in style rule. Invalid token "*". Was expecting one of: <S>, "}", ";", <IDENT>.
Sep 17, 2013 10:45:33 AM com.gargoylesoftware.htmlunit.DefaultCssErrorHandler warning
WARNING: CSS warning: [9:4355] Ignoring the following declarations in this rule.
Sep 17, 2013 10:45:33 AM com.gargoylesoftware.htmlunit.DefaultCssErrorHandler error
WARNING: CSS error: [9:4425] Error in style rule. Invalid token "*". Was expecting one of: <S>, "}", ";", <IDENT>.
Sep 17, 2013 10:45:33 AM com.gargoylesoftware.htmlunit.DefaultCssErrorHandler warning
WARNING: CSS warning: [9:4425] Ignoring the following declarations in this rule.
Sep 17, 2013 10:45:33 AM com.gargoylesoftware.htmlunit.DefaultCssErrorHandler error
WARNING: CSS error: [9:4494] Error in style rule. Invalid token "*". Was expecting one of: <S>, "}", ";", <IDENT>.
Sep 17, 2013 10:45:33 AM com.gargoylesoftware.htmlunit.DefaultCssErrorHandler warning
WARNING: CSS warning: [9:4494] Ignoring the following declarations in this rule.
Sep 17, 2013 10:45:33 AM com.gargoylesoftware.htmlunit.DefaultCssErrorHandler error
WARNING: CSS error: [9:4563] Error in style rule. Invalid token "*". Was expecting one of: <S>, "}", ";", <IDENT>.
Sep 17, 2013 10:45:33 AM com.gargoylesoftware.htmlunit.DefaultCssErrorHandler warning
WARNING: CSS warning: [9:4563] Ignoring the following declarations in this rule.
Sep 17, 2013 10:45:33 AM com.gargoylesoftware.htmlunit.DefaultCssErrorHandler error
WARNING: CSS error: [9:4632] Error in style rule. Invalid token "*". Was expecting one of: <S>, "}", ";", <IDENT>.
Sep 17, 2013 10:45:33 AM com.gargoylesoftware.htmlunit.DefaultCssErrorHandler warning
WARNING: CSS warning: [9:4632] Ignoring the following declarations in this rule.
Sep 17, 2013 10:45:33 AM com.gargoylesoftware.htmlunit.DefaultCssErrorHandler error
WARNING: CSS error: [9:4701] Error in style rule. Invalid token "*". Was expecting one of: <S>, "}", ";", <IDENT>.
Sep 17, 2013 10:45:33 AM com.gargoylesoftware.htmlunit.DefaultCssErrorHandler warning
WARNING: CSS warning: [9:4701] Ignoring the following declarations in this rule.
Sep 17, 2013 10:45:33 AM com.gargoylesoftware.htmlunit.DefaultCssErrorHandler error
WARNING: CSS error: [9:4770] Error in style rule. Invalid token "*". Was expecting one of: <S>, "}", ";", <IDENT>.
Sep 17, 2013 10:45:33 AM com.gargoylesoftware.htmlunit.DefaultCssErrorHandler warning
WARNING: CSS warning: [9:4770] Ignoring the following declarations in this rule.
Sep 17, 2013 10:45:33 AM com.gargoylesoftware.htmlunit.DefaultCssErrorHandler error
WARNING: CSS error: [9:4840] Error in style rule. Invalid token "*". Was expecting one of: <S>, "}", ";", <IDENT>.
Sep 17, 2013 10:45:33 AM com.gargoylesoftware.htmlunit.DefaultCssErrorHandler warning
WARNING: CSS warning: [9:4840] Ignoring the following declarations in this rule.
Sep 17, 2013 10:45:33 AM com.gargoylesoftware.htmlunit.DefaultCssErrorHandler error
WARNING: CSS error: [9:4911] Error in style rule. Invalid token "*". Was expecting one of: <S>, "}", ";", <IDENT>.
Sep 17, 2013 10:45:33 AM com.gargoylesoftware.htmlunit.DefaultCssErrorHandler warning
WARNING: CSS warning: [9:4911] Ignoring the following declarations in this rule.
Sep 17, 2013 10:45:33 AM com.gargoylesoftware.htmlunit.DefaultCssErrorHandler error
WARNING: CSS error: [9:4982] Error in style rule. Invalid token "*". Was expecting one of: <S>, "}", ";", <IDENT>.
Sep 17, 2013 10:45:33 AM com.gargoylesoftware.htmlunit.DefaultCssErrorHandler warning
WARNING: CSS warning: [9:4982] Ignoring the following declarations in this rule.
Sep 17, 2013 10:45:33 AM com.gargoylesoftware.htmlunit.DefaultCssErrorHandler error
WARNING: CSS error: [9:5052] Error in style rule. Invalid token "*". Was expecting one of: <S>, "}", ";", <IDENT>.
Sep 17, 2013 10:45:33 AM com.gargoylesoftware.htmlunit.DefaultCssErrorHandler warning
WARNING: CSS warning: [9:5052] Ignoring the following declarations in this rule.
Sep 17, 2013 10:45:33 AM com.gargoylesoftware.htmlunit.DefaultCssErrorHandler error
WARNING: CSS error: [9:5131] Error in style rule. Invalid token "*". Was expecting one of: <S>, "}", ";", <IDENT>.
Sep 17, 2013 10:45:33 AM com.gargoylesoftware.htmlunit.DefaultCssErrorHandler warning
WARNING: CSS warning: [9:5131] Ignoring the following declarations in this rule.
Sep 17, 2013 10:45:33 AM com.gargoylesoftware.htmlunit.DefaultCssErrorHandler error
WARNING: CSS error: [9:5229] Error in style rule. Invalid token "*". Was expecting one of: <S>, "}", ";", <IDENT>.
Sep 17, 2013 10:45:33 AM com.gargoylesoftware.htmlunit.DefaultCssErrorHandler warning
WARNING: CSS warning: [9:5229] Ignoring the following declarations in this rule.
Sep 17, 2013 10:45:33 AM com.gargoylesoftware.htmlunit.DefaultCssErrorHandler error
WARNING: CSS error: [9:5314] Error in style rule. Invalid token "*". Was expecting one of: <S>, "}", ";", <IDENT>.
Sep 17, 2013 10:45:33 AM com.gargoylesoftware.htmlunit.DefaultCssErrorHandler warning
WARNING: CSS warning: [9:5314] Ignoring the following declarations in this rule.
Sep 17, 2013 10:45:33 AM com.gargoylesoftware.htmlunit.DefaultCssErrorHandler error
WARNING: CSS error: [9:5409] Error in style rule. Invalid token "*". Was expecting one of: <S>, "}", ";", <IDENT>.
Sep 17, 2013 10:45:33 AM com.gargoylesoftware.htmlunit.DefaultCssErrorHandler warning
WARNING: CSS warning: [9:5409] Ignoring the following declarations in this rule.
Sep 17, 2013 10:45:33 AM com.gargoylesoftware.htmlunit.DefaultCssErrorHandler error
WARNING: CSS error: [9:5493] Error in style rule. Invalid token "*". Was expecting one of: <S>, "}", ";", <IDENT>.
Sep 17, 2013 10:45:33 AM com.gargoylesoftware.htmlunit.DefaultCssErrorHandler warning
WARNING: CSS warning: [9:5493] Ignoring the following declarations in this rule.
Sep 17, 2013 10:45:33 AM com.gargoylesoftware.htmlunit.DefaultCssErrorHandler error
WARNING: CSS error: [9:5588] Error in style rule. Invalid token "*". Was expecting one of: <S>, "}", ";", <IDENT>.
Sep 17, 2013 10:45:33 AM com.gargoylesoftware.htmlunit.DefaultCssErrorHandler warning
WARNING: CSS warning: [9:5588] Ignoring the following declarations in this rule.
Sep 17, 2013 10:45:33 AM com.gargoylesoftware.htmlunit.DefaultCssErrorHandler error
WARNING: CSS error: [9:5671] Error in style rule. Invalid token "*". Was expecting one of: <S>, "}", ";", <IDENT>.
Sep 17, 2013 10:45:33 AM com.gargoylesoftware.htmlunit.DefaultCssErrorHandler warning
WARNING: CSS warning: [9:5671] Ignoring the following declarations in this rule.
Sep 17, 2013 10:45:33 AM com.gargoylesoftware.htmlunit.DefaultCssErrorHandler error
WARNING: CSS error: [9:5766] Error in style rule. Invalid token "*". Was expecting one of: <S>, "}", ";", <IDENT>.
Sep 17, 2013 10:45:33 AM com.gargoylesoftware.htmlunit.DefaultCssErrorHandler warning
WARNING: CSS warning: [9:5766] Ignoring the following declarations in this rule.
Sep 17, 2013 10:45:33 AM com.gargoylesoftware.htmlunit.DefaultCssErrorHandler error
WARNING: CSS error: [9:5848] Error in style rule. Invalid token "*". Was expecting one of: <S>, "}", ";", <IDENT>.
Sep 17, 2013 10:45:33 AM com.gargoylesoftware.htmlunit.DefaultCssErrorHandler warning
WARNING: CSS warning: [9:5848] Ignoring the following declarations in this rule.
Sep 17, 2013 10:45:33 AM com.gargoylesoftware.htmlunit.DefaultCssErrorHandler error
WARNING: CSS error: [9:5943] Error in style rule. Invalid token "*". Was expecting one of: <S>, "}", ";", <IDENT>.
Sep 17, 2013 10:45:33 AM com.gargoylesoftware.htmlunit.DefaultCssErrorHandler warning
WARNING: CSS warning: [9:5943] Ignoring the following declarations in this rule.
Sep 17, 2013 10:45:33 AM com.gargoylesoftware.htmlunit.DefaultCssErrorHandler error
WARNING: CSS error: [9:6025] Error in style rule. Invalid token "*". Was expecting one of: <S>, "}", ";", <IDENT>.
Sep 17, 2013 10:45:33 AM com.gargoylesoftware.htmlunit.DefaultCssErrorHandler warning
WARNING: CSS warning: [9:6025] Ignoring the following declarations in this rule.
Sep 17, 2013 10:45:33 AM com.gargoylesoftware.htmlunit.DefaultCssErrorHandler error
WARNING: CSS error: [9:6121] Error in style rule. Invalid token "*". Was expecting one of: <S>, "}", ";", <IDENT>.
Sep 17, 2013 10:45:33 AM com.gargoylesoftware.htmlunit.DefaultCssErrorHandler warning
WARNING: CSS warning: [9:6121] Ignoring the following declarations in this rule.
Sep 17, 2013 10:45:33 AM com.gargoylesoftware.htmlunit.DefaultCssErrorHandler error
WARNING: CSS error: [9:6205] Error in style rule. Invalid token "*". Was expecting one of: <S>, "}", ";", <IDENT>.
Sep 17, 2013 10:45:33 AM com.gargoylesoftware.htmlunit.DefaultCssErrorHandler warning
WARNING: CSS warning: [9:6205] Ignoring the following declarations in this rule.
Sep 17, 2013 10:45:33 AM com.gargoylesoftware.htmlunit.DefaultCssErrorHandler error
WARNING: CSS error: [9:6302] Error in style rule. Invalid token "*". Was expecting one of: <S>, "}", ";", <IDENT>.
Sep 17, 2013 10:45:33 AM com.gargoylesoftware.htmlunit.DefaultCssErrorHandler warning
WARNING: CSS warning: [9:6302] Ignoring the following declarations in this rule.
Sep 17, 2013 10:45:33 AM com.gargoylesoftware.htmlunit.DefaultCssErrorHandler error
WARNING: CSS error: [9:6385] Error in style rule. Invalid token "*". Was expecting one of: <S>, "}", ";", <IDENT>.
Sep 17, 2013 10:45:33 AM com.gargoylesoftware.htmlunit.DefaultCssErrorHandler warning
WARNING: CSS warning: [9:6385] Ignoring the following declarations in this rule.
Sep 17, 2013 10:45:33 AM com.gargoylesoftware.htmlunit.DefaultCssErrorHandler error
WARNING: CSS error: [9:6479] Error in style rule. Invalid token "*". Was expecting one of: <S>, "}", ";", <IDENT>.
Sep 17, 2013 10:45:33 AM com.gargoylesoftware.htmlunit.DefaultCssErrorHandler warning
WARNING: CSS warning: [9:6479] Ignoring the following declarations in this rule.
Sep 17, 2013 10:45:33 AM com.gargoylesoftware.htmlunit.DefaultCssErrorHandler error
WARNING: CSS error: [9:6562] Error in style rule. Invalid token "*". Was expecting one of: <S>, "}", ";", <IDENT>.
Sep 17, 2013 10:45:33 AM com.gargoylesoftware.htmlunit.DefaultCssErrorHandler warning
WARNING: CSS warning: [9:6562] Ignoring the following declarations in this rule.
Sep 17, 2013 10:45:33 AM com.gargoylesoftware.htmlunit.DefaultCssErrorHandler error
WARNING: CSS error: [9:6657] Error in style rule. Invalid token "*". Was expecting one of: <S>, "}", ";", <IDENT>.
Sep 17, 2013 10:45:33 AM com.gargoylesoftware.htmlunit.DefaultCssErrorHandler warning
WARNING: CSS warning: [9:6657] Ignoring the following declarations in this rule.
Sep 17, 2013 10:45:33 AM com.gargoylesoftware.htmlunit.DefaultCssErrorHandler error
WARNING: CSS error: [9:6741] Error in style rule. Invalid token "*". Was expecting one of: <S>, "}", ";", <IDENT>.
Sep 17, 2013 10:45:33 AM com.gargoylesoftware.htmlunit.DefaultCssErrorHandler warning
WARNING: CSS warning: [9:6741] Ignoring the following declarations in this rule.
Sep 17, 2013 10:45:33 AM com.gargoylesoftware.htmlunit.DefaultCssErrorHandler error
WARNING: CSS error: [9:6835] Error in style rule. Invalid token "*". Was expecting one of: <S>, "}", ";", <IDENT>.
Sep 17, 2013 10:45:33 AM com.gargoylesoftware.htmlunit.DefaultCssErrorHandler warning
WARNING: CSS warning: [9:6835] Ignoring the following declarations in this rule.
Sep 17, 2013 10:45:33 AM com.gargoylesoftware.htmlunit.DefaultCssErrorHandler error
WARNING: CSS error: [9:6920] Error in style rule. Invalid token "*". Was expecting one of: <S>, "}", ";", <IDENT>.
Sep 17, 2013 10:45:33 AM com.gargoylesoftware.htmlunit.DefaultCssErrorHandler warning
WARNING: CSS warning: [9:6920] Ignoring the following declarations in this rule.
Sep 17, 2013 10:45:33 AM com.gargoylesoftware.htmlunit.DefaultCssErrorHandler error
WARNING: CSS error: [9:7015] Error in style rule. Invalid token "*". Was expecting one of: <S>, "}", ";", <IDENT>.
Sep 17, 2013 10:45:33 AM com.gargoylesoftware.htmlunit.DefaultCssErrorHandler warning
WARNING: CSS warning: [9:7015] Ignoring the following declarations in this rule.
Sep 17, 2013 10:45:33 AM com.gargoylesoftware.htmlunit.DefaultCssErrorHandler error
WARNING: CSS error: [9:7100] Error in style rule. Invalid token "*". Was expecting one of: <S>, "}", ";", <IDENT>.
Sep 17, 2013 10:45:33 AM com.gargoylesoftware.htmlunit.DefaultCssErrorHandler warning
WARNING: CSS warning: [9:7100] Ignoring the following declarations in this rule.
Sep 17, 2013 10:45:33 AM com.gargoylesoftware.htmlunit.DefaultCssErrorHandler error
WARNING: CSS error: [9:7194] Error in style rule. Invalid token "*". Was expecting one of: <S>, "}", ";", <IDENT>.
Sep 17, 2013 10:45:33 AM com.gargoylesoftware.htmlunit.DefaultCssErrorHandler warning
WARNING: CSS warning: [9:7194] Ignoring the following declarations in this rule.
Sep 17, 2013 10:45:33 AM com.gargoylesoftware.htmlunit.DefaultCssErrorHandler error
WARNING: CSS error: [9:7232] Error in attribute selector. Invalid token "*". Was expecting one of: <S>, "=", "]", "~=", "|=".
Sep 17, 2013 10:45:33 AM com.gargoylesoftware.htmlunit.DefaultCssErrorHandler warning
WARNING: CSS warning: [9:7232] Ignoring the whole rule.
Sep 17, 2013 10:45:33 AM com.gargoylesoftware.htmlunit.DefaultCssErrorHandler error
WARNING: CSS error: [9:7298] Error in attribute selector. Invalid token "*". Was expecting one of: <S>, "=", "]", "~=", "|=".
Sep 17, 2013 10:45:33 AM com.gargoylesoftware.htmlunit.DefaultCssErrorHandler warning
WARNING: CSS warning: [9:7298] Ignoring the whole rule.
Sep 17, 2013 10:45:33 AM com.gargoylesoftware.htmlunit.DefaultCssErrorHandler error
WARNING: CSS error: [9:7415] Error in style rule. Invalid token "*". Was expecting one of: <S>, "}", ";", <IDENT>.
Sep 17, 2013 10:45:33 AM com.gargoylesoftware.htmlunit.DefaultCssErrorHandler warning
WARNING: CSS warning: [9:7415] Ignoring the following declarations in this rule.
Sep 17, 2013 10:45:33 AM com.gargoylesoftware.htmlunit.DefaultCssErrorHandler error
WARNING: CSS error: [9:7579] Error in style rule. Invalid token "*". Was expecting one of: <S>, "}", ";", <IDENT>.
Sep 17, 2013 10:45:33 AM com.gargoylesoftware.htmlunit.DefaultCssErrorHandler warning
WARNING: CSS warning: [9:7579] Ignoring the following declarations in this rule.
Sep 17, 2013 10:45:33 AM com.gargoylesoftware.htmlunit.DefaultCssErrorHandler error
WARNING: CSS error: [9:9158] Error in style rule. Invalid token "*". Was expecting one of: <S>, "}", ";", <IDENT>.
Sep 17, 2013 10:45:33 AM com.gargoylesoftware.htmlunit.DefaultCssErrorHandler warning
WARNING: CSS warning: [9:9158] Ignoring the following declarations in this rule.
Sep 17, 2013 10:45:33 AM com.gargoylesoftware.htmlunit.DefaultCssErrorHandler error
WARNING: CSS error: [9:9317] Error in style rule. Invalid token "*". Was expecting one of: <S>, "}", ";", <IDENT>.
Sep 17, 2013 10:45:33 AM com.gargoylesoftware.htmlunit.DefaultCssErrorHandler warning
WARNING: CSS warning: [9:9317] Ignoring the following declarations in this rule.
Sep 17, 2013 10:45:33 AM com.gargoylesoftware.htmlunit.DefaultCssErrorHandler error
WARNING: CSS error: [9:101917] Error in style rule. Invalid token "=". Was expecting one of: <S>, "}", <COMMA>, ";", "/", <PLUS>, "-", <HASH>, <STRING>, <URI>, "!", "inherit", <EMS>, <EXS>, <LENGTH_PX>, <LENGTH_CM>, <LENGTH_MM>, <LENGTH_IN>, <LENGTH_PT>, <LENGTH_PC>, <ANGLE_DEG>, <ANGLE_RAD>, <ANGLE_GRAD>, <TIME_MS>, <TIME_S>, <FREQ_HZ>, <FREQ_KHZ>, <DIMENSION>, <PERCENTAGE>, <NUMBER>, <FUNCTION>, <IDENT>.
Sep 17, 2013 10:45:33 AM com.gargoylesoftware.htmlunit.DefaultCssErrorHandler warning
WARNING: CSS warning: [9:101917] Ignoring the following declarations in this rule.
Sep 17, 2013 10:45:33 AM com.gargoylesoftware.htmlunit.DefaultCssErrorHandler error
WARNING: CSS error: [9:104500] Error in expression. Invalid token "=". Was expecting one of: <S>, <COMMA>, "/", <PLUS>, "-", <HASH>, <STRING>, ")", <URI>, "inherit", <EMS>, <EXS>, <LENGTH_PX>, <LENGTH_CM>, <LENGTH_MM>, <LENGTH_IN>, <LENGTH_PT>, <LENGTH_PC>, <ANGLE_DEG>, <ANGLE_RAD>, <ANGLE_GRAD>, <TIME_MS>, <TIME_S>, <FREQ_HZ>, <FREQ_KHZ>, <DIMENSION>, <PERCENTAGE>, <NUMBER>, <FUNCTION>, <IDENT>.
Sep 17, 2013 10:45:33 AM com.gargoylesoftware.htmlunit.DefaultCssErrorHandler error
WARNING: CSS error: [9:104661] Error in expression. Invalid token "=". Was expecting one of: <S>, <COMMA>, "/", <PLUS>, "-", <HASH>, <STRING>, ")", <URI>, "inherit", <EMS>, <EXS>, <LENGTH_PX>, <LENGTH_CM>, <LENGTH_MM>, <LENGTH_IN>, <LENGTH_PT>, <LENGTH_PC>, <ANGLE_DEG>, <ANGLE_RAD>, <ANGLE_GRAD>, <TIME_MS>, <TIME_S>, <FREQ_HZ>, <FREQ_KHZ>, <DIMENSION>, <PERCENTAGE>, <NUMBER>, <FUNCTION>, <IDENT>.
Sep 17, 2013 10:45:33 AM com.gargoylesoftware.htmlunit.javascript.StrictErrorReporter runtimeError
SEVERE: runtimeError: message=[The data necessary to complete this operation is not yet available.] sourceName=[http://localhost:9966/petclinic/webjars/jquery/1.9.0/jquery.js] line=[911] lineSource=[null] lineOffset=[0]
Sep 17, 2013 10:45:33 AM com.gargoylesoftware.htmlunit.IncorrectnessListenerImpl notify
WARNING: Obsolete content type encountered: 'text/javascript'.
Sep 17, 2013 10:45:34 AM com.gargoylesoftware.htmlunit.javascript.StrictErrorReporter runtimeError
SEVERE: runtimeError: message=[The data necessary to complete this operation is not yet available.] sourceName=[http://localhost:9966/petclinic/webjars/jquery/1.9.0/jquery.js] line=[911] lineSource=[null] lineOffset=[0]
Sep 17, 2013 10:45:34 AM com.gargoylesoftware.htmlunit.javascript.host.html.HTMLDocument jsxFunction_getElementById
WARNING: getElementById(sizzle-1379407533527) did a getElementByName for Internet Explorer
Sep 17, 2013 10:45:34 AM com.gargoylesoftware.htmlunit.javascript.StrictErrorReporter runtimeError
SEVERE: runtimeError: message=[The data necessary to complete this operation is not yet available.] sourceName=[http://localhost:9966/petclinic/webjars/jquery/1.9.0/jquery.js] line=[911] lineSource=[null] lineOffset=[0]
Sep 17, 2013 10:45:34 AM com.gargoylesoftware.htmlunit.DefaultCssErrorHandler error
WARNING: CSS error: [15:115] Error in expression. Invalid token "=". Was expecting one of: <S>, <COMMA>, "/", <PLUS>, "-", <HASH>, <STRING>, ")", <URI>, "inherit", <EMS>, <EXS>, <LENGTH_PX>, <LENGTH_CM>, <LENGTH_MM>, <LENGTH_IN>, <LENGTH_PT>, <LENGTH_PC>, <ANGLE_DEG>, <ANGLE_RAD>, <ANGLE_GRAD>, <TIME_MS>, <TIME_S>, <FREQ_HZ>, <FREQ_KHZ>, <DIMENSION>, <PERCENTAGE>, <NUMBER>, <FUNCTION>, <IDENT>.
Sep 17, 2013 10:45:34 AM com.gargoylesoftware.htmlunit.DefaultCssErrorHandler error
WARNING: CSS error: [15:119] Error in style rule. Invalid token " ". Was expecting one of: "}", ";".
Sep 17, 2013 10:45:34 AM com.gargoylesoftware.htmlunit.DefaultCssErrorHandler warning
WARNING: CSS warning: [15:119] Ignoring the following declarations in this rule.
Sep 17, 2013 10:45:34 AM com.gargoylesoftware.htmlunit.DefaultCssErrorHandler error
WARNING: CSS error: [79:18] Error in pseudo class or element. Invalid token ":". Was expecting one of: <FUNCTION>, <IDENT>.
Sep 17, 2013 10:45:34 AM com.gargoylesoftware.htmlunit.DefaultCssErrorHandler warning
WARNING: CSS warning: [79:18] Ignoring the whole rule.
Sep 17, 2013 10:45:34 AM com.gargoylesoftware.htmlunit.DefaultCssErrorHandler error
WARNING: CSS error: [131:18] Error in expression. Invalid token ")". Was expecting one of: <S>, <PLUS>, "-", <HASH>, <STRING>, <URI>, "inherit", <EMS>, <EXS>, <LENGTH_PX>, <LENGTH_CM>, <LENGTH_MM>, <LENGTH_IN>, <LENGTH_PT>, <LENGTH_PC>, <ANGLE_DEG>, <ANGLE_RAD>, <ANGLE_GRAD>, <TIME_MS>, <TIME_S>, <FREQ_HZ>, <FREQ_KHZ>, <DIMENSION>, <PERCENTAGE>, <NUMBER>, <FUNCTION>, <IDENT>.
Sep 17, 2013 10:45:34 AM com.gargoylesoftware.htmlunit.DefaultCssErrorHandler error
WARNING: CSS error: [131:20] Error in style rule. Invalid token " ". Was expecting one of: "}", ";".
Sep 17, 2013 10:45:34 AM com.gargoylesoftware.htmlunit.DefaultCssErrorHandler warning
WARNING: CSS warning: [131:20] Ignoring the following declarations in this rule.
Sep 17, 2013 10:45:34 AM com.gargoylesoftware.htmlunit.DefaultCssErrorHandler error
WARNING: CSS error: [256:145] Error in expression. Invalid token "=". Was expecting one of: <S>, <COMMA>, "/", <PLUS>, "-", <HASH>, <STRING>, ")", <URI>, "inherit", <EMS>, <EXS>, <LENGTH_PX>, <LENGTH_CM>, <LENGTH_MM>, <LENGTH_IN>, <LENGTH_PT>, <LENGTH_PC>, <ANGLE_DEG>, <ANGLE_RAD>, <ANGLE_GRAD>, <TIME_MS>, <TIME_S>, <FREQ_HZ>, <FREQ_KHZ>, <DIMENSION>, <PERCENTAGE>, <NUMBER>, <FUNCTION>, <IDENT>.
Sep 17, 2013 10:45:34 AM com.gargoylesoftware.htmlunit.DefaultCssErrorHandler error
WARNING: CSS error: [256:150] Error in style rule. Invalid token " ". Was expecting one of: "}", ";".
Sep 17, 2013 10:45:34 AM com.gargoylesoftware.htmlunit.DefaultCssErrorHandler warning
WARNING: CSS warning: [256:150] Ignoring the following declarations in this rule.
Sep 17, 2013 10:45:34 AM com.gargoylesoftware.htmlunit.DefaultCssErrorHandler error
WARNING: CSS error: [257:133] Error in expression. Invalid token "=". Was expecting one of: <S>, <COMMA>, "/", <PLUS>, "-", <HASH>, <STRING>, ")", <URI>, "inherit", <EMS>, <EXS>, <LENGTH_PX>, <LENGTH_CM>, <LENGTH_MM>, <LENGTH_IN>, <LENGTH_PT>, <LENGTH_PC>, <ANGLE_DEG>, <ANGLE_RAD>, <ANGLE_GRAD>, <TIME_MS>, <TIME_S>, <FREQ_HZ>, <FREQ_KHZ>, <DIMENSION>, <PERCENTAGE>, <NUMBER>, <FUNCTION>, <IDENT>.
Sep 17, 2013 10:45:34 AM com.gargoylesoftware.htmlunit.DefaultCssErrorHandler error
WARNING: CSS error: [257:138] Error in style rule. Invalid token " ". Was expecting one of: "}", ";".
Sep 17, 2013 10:45:34 AM com.gargoylesoftware.htmlunit.DefaultCssErrorHandler warning
WARNING: CSS warning: [257:138] Ignoring the following declarations in this rule.
Sep 17, 2013 10:45:34 AM com.gargoylesoftware.htmlunit.DefaultCssErrorHandler error
WARNING: CSS error: [258:51] Error in expression. Invalid token "=". Was expecting one of: <S>, <COMMA>, "/", <PLUS>, "-", <HASH>, <STRING>, ")", <URI>, "inherit", <EMS>, <EXS>, <LENGTH_PX>, <LENGTH_CM>, <LENGTH_MM>, <LENGTH_IN>, <LENGTH_PT>, <LENGTH_PC>, <ANGLE_DEG>, <ANGLE_RAD>, <ANGLE_GRAD>, <TIME_MS>, <TIME_S>, <FREQ_HZ>, <FREQ_KHZ>, <DIMENSION>, <PERCENTAGE>, <NUMBER>, <FUNCTION>, <IDENT>.
Sep 17, 2013 10:45:34 AM com.gargoylesoftware.htmlunit.DefaultCssErrorHandler error
WARNING: CSS error: [258:56] Error in style rule. Invalid token " ". Was expecting one of: "}", ";".
Sep 17, 2013 10:45:34 AM com.gargoylesoftware.htmlunit.DefaultCssErrorHandler warning
WARNING: CSS warning: [258:56] Ignoring the following declarations in this rule.
Sep 17, 2013 10:45:34 AM com.gargoylesoftware.htmlunit.DefaultCssErrorHandler error
WARNING: CSS error: [461:135] Error in expression. Invalid token "=". Was expecting one of: <S>, <COMMA>, "/", <PLUS>, "-", <HASH>, <STRING>, ")", <URI>, "inherit", <EMS>, <EXS>, <LENGTH_PX>, <LENGTH_CM>, <LENGTH_MM>, <LENGTH_IN>, <LENGTH_PT>, <LENGTH_PC>, <ANGLE_DEG>, <ANGLE_RAD>, <ANGLE_GRAD>, <TIME_MS>, <TIME_S>, <FREQ_HZ>, <FREQ_KHZ>, <DIMENSION>, <PERCENTAGE>, <NUMBER>, <FUNCTION>, <IDENT>.
Sep 17, 2013 10:45:34 AM com.gargoylesoftware.htmlunit.DefaultCssErrorHandler error
WARNING: CSS error: [461:140] Error in style rule. Invalid token " ". Was expecting one of: "}", ";".
Sep 17, 2013 10:45:34 AM com.gargoylesoftware.htmlunit.DefaultCssErrorHandler warning
WARNING: CSS warning: [461:140] Ignoring the following declarations in this rule.
Sep 17, 2013 10:45:34 AM com.gargoylesoftware.htmlunit.DefaultCssErrorHandler error
WARNING: CSS error: [462:171] Error in expression. Invalid token "=". Was expecting one of: <S>, <COMMA>, "/", <PLUS>, "-", <HASH>, <STRING>, ")", <URI>, "inherit", <EMS>, <EXS>, <LENGTH_PX>, <LENGTH_CM>, <LENGTH_MM>, <LENGTH_IN>, <LENGTH_PT>, <LENGTH_PC>, <ANGLE_DEG>, <ANGLE_RAD>, <ANGLE_GRAD>, <TIME_MS>, <TIME_S>, <FREQ_HZ>, <FREQ_KHZ>, <DIMENSION>, <PERCENTAGE>, <NUMBER>, <FUNCTION>, <IDENT>.
Sep 17, 2013 10:45:34 AM com.gargoylesoftware.htmlunit.DefaultCssErrorHandler error
WARNING: CSS error: [462:176] Error in style rule. Invalid token " ". Was expecting one of: "}", ";".
Sep 17, 2013 10:45:34 AM com.gargoylesoftware.htmlunit.DefaultCssErrorHandler warning
WARNING: CSS warning: [462:176] Ignoring the following declarations in this rule.
Sep 17, 2013 10:45:35 AM com.gargoylesoftware.htmlunit.javascript.StrictErrorReporter runtimeError
SEVERE: runtimeError: message=[The data necessary to complete this operation is not yet available.] sourceName=[http://localhost:9966/petclinic/webjars/jquery/1.9.0/jquery.js] line=[911] lineSource=[null] lineOffset=[0]
Sep 17, 2013 10:45:35 AM com.gargoylesoftware.htmlunit.javascript.host.html.HTMLDocument jsxFunction_getElementById
WARNING: getElementById(sizzle-1379407535075) did a getElementByName for Internet Explorer
Sep 17, 2013 10:45:35 AM com.gargoylesoftware.htmlunit.javascript.host.html.HTMLDocument jsxFunction_getElementById
WARNING: getElementById(sizzle-1379407535075) did a getElementByName for Internet Explorer
Sep 17, 2013 10:45:35 AM com.gargoylesoftware.htmlunit.javascript.StrictErrorReporter runtimeError
SEVERE: runtimeError: message=[The data necessary to complete this operation is not yet available.] sourceName=[http://localhost:9966/petclinic/webjars/jquery/1.9.0/jquery.js] line=[911] lineSource=[null] lineOffset=[0]
Sep 17, 2013 10:45:35 AM com.gargoylesoftware.htmlunit.javascript.StrictErrorReporter runtimeError
SEVERE: runtimeError: message=[The data necessary to complete this operation is not yet available.] sourceName=[http://localhost:9966/petclinic/webjars/jquery/1.9.0/jquery.js] line=[911] lineSource=[null] lineOffset=[0]
Sep 17, 2013 10:45:35 AM com.gargoylesoftware.htmlunit.javascript.StrictErrorReporter runtimeError
SEVERE: runtimeError: message=[The data necessary to complete this operation is not yet available.] sourceName=[http://localhost:9966/petclinic/webjars/jquery/1.9.0/jquery.js] line=[911] lineSource=[null] lineOffset=[0]
Sep 17, 2013 10:45:35 AM com.gargoylesoftware.htmlunit.javascript.StrictErrorReporter runtimeError
SEVERE: runtimeError: message=[The data necessary to complete this operation is not yet available.] sourceName=[http://localhost:9966/petclinic/webjars/jquery/1.9.0/jquery.js] line=[911] lineSource=[null] lineOffset=[0]
Sep 17, 2013 10:45:35 AM com.gargoylesoftware.htmlunit.javascript.StrictErrorReporter runtimeError
SEVERE: runtimeError: message=[The data necessary to complete this operation is not yet available.] sourceName=[http://localhost:9966/petclinic/webjars/jquery/1.9.0/jquery.js] line=[911] lineSource=[null] lineOffset=[0]
Sep 17, 2013 10:45:35 AM com.gargoylesoftware.htmlunit.javascript.StrictErrorReporter runtimeError
SEVERE: runtimeError: message=[The data necessary to complete this operation is not yet available.] sourceName=[http://localhost:9966/petclinic/webjars/jquery/1.9.0/jquery.js] line=[911] lineSource=[null] lineOffset=[0]
Sep 17, 2013 10:45:35 AM com.gargoylesoftware.htmlunit.javascript.StrictErrorReporter runtimeError
SEVERE: runtimeError: message=[The data necessary to complete this operation is not yet available.] sourceName=[http://localhost:9966/petclinic/webjars/jquery/1.9.0/jquery.js] line=[911] lineSource=[null] lineOffset=[0]
Sep 17, 2013 10:45:35 AM com.gargoylesoftware.htmlunit.javascript.StrictErrorReporter runtimeError
SEVERE: runtimeError: message=[The data necessary to complete this operation is not yet available.] sourceName=[http://localhost:9966/petclinic/webjars/jquery/1.9.0/jquery.js] line=[911] lineSource=[null] lineOffset=[0]
Sep 17, 2013 10:45:35 AM com.gargoylesoftware.htmlunit.javascript.StrictErrorReporter runtimeError
SEVERE: runtimeError: message=[The data necessary to complete this operation is not yet available.] sourceName=[http://localhost:9966/petclinic/webjars/jquery/1.9.0/jquery.js] line=[911] lineSource=[null] lineOffset=[0]
Sep 17, 2013 10:45:35 AM com.gargoylesoftware.htmlunit.javascript.StrictErrorReporter runtimeError
SEVERE: runtimeError: message=[The data necessary to complete this operation is not yet available.] sourceName=[http://localhost:9966/petclinic/webjars/jquery/1.9.0/jquery.js] line=[911] lineSource=[null] lineOffset=[0]
Sep 17, 2013 10:45:35 AM com.gargoylesoftware.htmlunit.javascript.StrictErrorReporter runtimeError
SEVERE: runtimeError: message=[The data necessary to complete this operation is not yet available.] sourceName=[http://localhost:9966/petclinic/webjars/jquery/1.9.0/jquery.js] line=[911] lineSource=[null] lineOffset=[0]
Sep 17, 2013 10:45:35 AM com.gargoylesoftware.htmlunit.IncorrectnessListenerImpl notify
WARNING: Obsolete content type encountered: 'application/x-javascript'.
Sep 17, 2013 10:45:35 AM com.gargoylesoftware.htmlunit.javascript.StrictErrorReporter runtimeError
SEVERE: runtimeError: message=[The data necessary to complete this operation is not yet available.] sourceName=[http://localhost:9966/petclinic/webjars/jquery/1.9.0/jquery.js] line=[911] lineSource=[null] lineOffset=[0]
Sep 17, 2013 10:45:35 AM com.gargoylesoftware.htmlunit.DefaultCssErrorHandler error
WARNING: CSS error: [16:9] Error in style rule. Invalid token "*". Was expecting one of: <S>, "}", ";", <IDENT>.
Sep 17, 2013 10:45:35 AM com.gargoylesoftware.htmlunit.DefaultCssErrorHandler warning
WARNING: CSS warning: [16:9] Ignoring the following declarations in this rule.
Sep 17, 2013 10:45:35 AM com.gargoylesoftware.htmlunit.DefaultCssErrorHandler error
WARNING: CSS error: [51:9] Error in style rule. Invalid token "*". Was expecting one of: <S>, "}", ";", <IDENT>.
Sep 17, 2013 10:45:35 AM com.gargoylesoftware.htmlunit.DefaultCssErrorHandler warning
WARNING: CSS warning: [51:9] Ignoring the following declarations in this rule.
Sep 17, 2013 10:45:35 AM com.gargoylesoftware.htmlunit.DefaultCssErrorHandler error
WARNING: CSS error: [97:9] Error in style rule. Invalid token "*". Was expecting one of: <S>, "}", ";", <IDENT>.
Sep 17, 2013 10:45:35 AM com.gargoylesoftware.htmlunit.DefaultCssErrorHandler warning
WARNING: CSS warning: [97:9] Ignoring the following declarations in this rule.
Sep 17, 2013 10:45:35 AM com.gargoylesoftware.htmlunit.DefaultCssErrorHandler error
WARNING: CSS error: [156:9] Error in style rule. Invalid token "*". Was expecting one of: <S>, "}", ";", <IDENT>.
Sep 17, 2013 10:45:35 AM com.gargoylesoftware.htmlunit.DefaultCssErrorHandler warning
WARNING: CSS warning: [156:9] Ignoring the following declarations in this rule.
Sep 17, 2013 10:45:35 AM com.gargoylesoftware.htmlunit.DefaultCssErrorHandler error
WARNING: CSS error: [218:9] Error in style rule. Invalid token "*". Was expecting one of: <S>, "}", ";", <IDENT>.
Sep 17, 2013 10:45:35 AM com.gargoylesoftware.htmlunit.DefaultCssErrorHandler warning
WARNING: CSS warning: [218:9] Ignoring the following declarations in this rule.
Sep 17, 2013 10:45:35 AM com.gargoylesoftware.htmlunit.DefaultCssErrorHandler error
WARNING: CSS error: [36:9] Error in style rule. Invalid token "*". Was expecting one of: <S>, "}", ";", <IDENT>.
Sep 17, 2013 10:45:35 AM com.gargoylesoftware.htmlunit.DefaultCssErrorHandler warning
WARNING: CSS warning: [36:9] Ignoring the following declarations in this rule.
Sep 17, 2013 10:45:35 AM com.gargoylesoftware.htmlunit.DefaultCssErrorHandler error
WARNING: CSS error: [94:9] Error in style rule. Invalid token "*". Was expecting one of: <S>, "}", ";", <IDENT>.
Sep 17, 2013 10:45:35 AM com.gargoylesoftware.htmlunit.DefaultCssErrorHandler warning
WARNING: CSS warning: [94:9] Ignoring the following declarations in this rule.
Sep 17, 2013 10:45:35 AM com.gargoylesoftware.htmlunit.javascript.host.html.HTMLDocument jsxFunction_getElementById
WARNING: getElementById(sizzle-1379407535075) did a getElementByName for Internet Explorer
Sep 17, 2013 10:45:35 AM com.gargoylesoftware.htmlunit.javascript.host.html.HTMLDocument jsxFunction_getElementById
WARNING: getElementById(sizzle-1379407535075) did a getElementByName for Internet Explorer
]]></system-err>
</testsuite>
